Exception: Error reading SSH protocol banner
Traceback (most recent call last):
  File "C:\Ellumination\System\ImageScripter\lib\site-packages\paramiko\transport.py", line 2138, in _check_banner
    buf = self.packetizer.readline(timeout)
  File "C:\Ellumination\System\ImageScripter\lib\site-packages\paramiko\packet.py", line 367, in readline
    buf += self._read_timeout(timeout)
  File "C:\Ellumination\System\ImageScripter\lib\site-packages\paramiko\packet.py", line 563, in _read_timeout
    raise EOFError()
EOFError

During handling of the above exception, another exception occurred:

Traceback (most recent call last):
  File "C:\Ellumination\System\ImageScripter\lib\site-packages\paramiko\transport.py", line 1966, in run
    self._check_banner()
  File "C:\Ellumination\System\ImageScripter\lib\site-packages\paramiko\transport.py", line 2143, in _check_banner
    "Error reading SSH protocol banner" + str(e)
paramiko.ssh_exception.SSHException: Error reading SSH protocol banner

